<?xml version="1.0" encoding="UTF-8"?>
<!-- Generated by org.testng.reporters.JUnitReportReporter -->
<testsuite hostname="anhhn-HP-EliteBook-8470p" failures="0" tests="1" name="TestSuite.ViewOrderedProducts" time="22.588" errors="0" timestamp="2023-08-19T23:17:52 ICT" skipped="0">
  <testcase classname="TestSuite.ViewOrderedProducts" name="TC_10_01" time="22.588"/>
</testsuite> <!-- TestSuite.ViewOrderedProducts -->
