<?xml version="1.0" encoding="UTF-8"?>
<!-- Generated by org.testng.reporters.JUnitReportReporter -->
<testsuite hostname="anhhn-HP-EliteBook-8470p" failures="0" tests="1" name="TestSuite.Logout" time="4.961" errors="0" timestamp="2023-08-17T23:24:11 ICT" skipped="0">
  <testcase classname="TestSuite.Logout" name="TC_03_01" time="4.961"/>
</testsuite> <!-- TestSuite.Logout -->
