<?xml version="1.0" encoding="UTF-8"?>
<!-- Generated by org.testng.reporters.JUnitReportReporter -->
<testsuite hostname="anhhn-HP-EliteBook-8470p" failures="0" tests="7" name="TestSuite.SearchProduct" time="39.211" errors="0" timestamp="2023-08-19T20:32:02 ICT" skipped="0">
  <testcase classname="TestSuite.SearchProduct" name="TC_04_03" time="5.420"/>
  <testcase classname="TestSuite.SearchProduct" name="TC_04_05" time="5.156"/>
  <testcase classname="TestSuite.SearchProduct" name="TC_04_06" time="3.979"/>
  <testcase classname="TestSuite.SearchProduct" name="TC_04_01" time="7.870"/>
  <testcase classname="TestSuite.SearchProduct" name="TC_04_07" time="5.577"/>
  <testcase classname="TestSuite.SearchProduct" name="TC_04_02" time="6.112"/>
  <testcase classname="TestSuite.SearchProduct" name="TC_04_04" time="5.097"/>
</testsuite> <!-- TestSuite.SearchProduct -->
