<?xml version="1.0" encoding="UTF-8"?>
<!-- Generated by org.testng.reporters.JUnitReportReporter -->
<testsuite hostname="anhhn-HP-EliteBook-8470p" failures="0" tests="1" name="TestSuite.ViewProductInfo" time="14.283" errors="0" timestamp="2023-08-17T23:58:56 ICT" skipped="0">
  <testcase classname="TestSuite.ViewProductInfo" name="TC_05_01" time="14.283"/>
</testsuite> <!-- TestSuite.ViewProductInfo -->
