<?xml version="1.0" encoding="UTF-8"?>
<!-- Generated by org.testng.reporters.JUnitReportReporter -->
<testsuite hostname="anhhn-HP-EliteBook-8470p" failures="0" tests="3" name="TestSuite.AddToCart" time="13.145" errors="0" timestamp="2023-04-24T22:00:55 ICT" skipped="0">
  <testcase classname="TestSuite.AddToCart" name="ITS_07_01" time="4.374"/>
  <testcase classname="TestSuite.AddToCart" name="ITS_07_02" time="4.587"/>
  <testcase classname="TestSuite.AddToCart" name="ITS_07_03" time="4.184"/>
</testsuite> <!-- TestSuite.AddToCart -->
