<?xml version="1.0" encoding="UTF-8"?>
<!-- Generated by org.testng.reporters.JUnitReportReporter -->
<testsuite hostname="anhhn-HP-EliteBook-8470p" failures="0" tests="3" name="TestSuite.AddProductToCart" time="9.800" errors="0" timestamp="2023-08-19T23:54:18 ICT" skipped="0">
  <testcase classname="TestSuite.AddProductToCart" name="TC_08_03" time="2.708"/>
  <testcase classname="TestSuite.AddProductToCart" name="TC_08_02" time="2.744"/>
  <testcase classname="TestSuite.AddProductToCart" name="TC_08_01" time="4.348"/>
</testsuite> <!-- TestSuite.AddProductToCart -->
