<?xml version="1.0" encoding="UTF-8"?>
<!-- Generated by org.testng.reporters.JUnitReportReporter -->
<testsuite hostname="anhhn-HP-EliteBook-8470p" failures="0" tests="1" name="TestSuite.ViewProductDetail" time="1.426" errors="0" timestamp="2023-04-24T00:34:34 ICT" skipped="0">
  <testcase classname="TestSuite.ViewProductDetail" name="ITS_06_01" time="1.426"/>
</testsuite> <!-- TestSuite.ViewProductDetail -->
