<?xml version="1.0" encoding="UTF-8"?>
<!-- Generated by org.testng.reporters.JUnitReportReporter -->
<testsuite hostname="anhhn-HP-EliteBook-8470p" failures="0" tests="14" name="TestSuite.Contact" time="55.389" errors="0" timestamp="2023-04-23T23:45:39 ICT" skipped="0">
  <testcase classname="TestSuite.Contact" name="ITS_09_04" time="4.027"/>
  <testcase classname="TestSuite.Contact" name="ITS_09_05" time="3.865"/>
  <testcase classname="TestSuite.Contact" name="ITS_09_07" time="3.973"/>
  <testcase classname="TestSuite.Contact" name="ITS_09_14" time="3.910"/>
  <testcase classname="TestSuite.Contact" name="ITS_09_06" time="3.964"/>
  <testcase classname="TestSuite.Contact" name="ITS_09_09" time="3.832"/>
  <testcase classname="TestSuite.Contact" name="ITS_09_12" time="3.880"/>
  <testcase classname="TestSuite.Contact" name="ITS_09_13" time="3.862"/>
  <testcase classname="TestSuite.Contact" name="ITS_09_08" time="3.896"/>
  <testcase classname="TestSuite.Contact" name="ITS_09_01" time="4.179"/>
  <testcase classname="TestSuite.Contact" name="ITS_09_11" time="3.982"/>
  <testcase classname="TestSuite.Contact" name="ITS_09_03" time="3.952"/>
  <testcase classname="TestSuite.Contact" name="ITS_09_10" time="3.971"/>
  <testcase classname="TestSuite.Contact" name="ITS_09_02" time="4.096"/>
</testsuite> <!-- TestSuite.Contact -->
