<?xml version="1.0" encoding="UTF-8"?>
<!-- Generated by org.testng.reporters.JUnitReportReporter -->
<testsuite hostname="anhhn-HP-EliteBook-8470p" failures="0" tests="6" name="TestSuite.Search" time="17.579" errors="0" timestamp="2023-04-24T00:23:54 ICT" skipped="0">
  <testcase classname="TestSuite.Search" name="ITS_05_01" time="3.110"/>
  <testcase classname="TestSuite.Search" name="ITS_05_02" time="2.808"/>
  <testcase classname="TestSuite.Search" name="ITS_05_03" time="2.771"/>
  <testcase classname="TestSuite.Search" name="ITS_05_05" time="3.776"/>
  <testcase classname="TestSuite.Search" name="ITS_05_06" time="2.413"/>
  <testcase classname="TestSuite.Search" name="ITS_05_04" time="2.701"/>
</testsuite> <!-- TestSuite.Search -->
